2022-12-30 16:44:28,785 - __main__ - INFO - Title: Shadow Tactics - Aiko's Choice Offer Start: 2022-12-15 09:30:00 PM Offer End: 2023-01-05 09:30:00 PM
2022-12-30 16:44:29,402 - __main__ - INFO - Title: Eximius: Seize the Frontline Offer Start: 2022-12-29 09:31:00 PM Offer End: 2023-01-05 09:30:00 PM
2022-12-30 16:44:29,403 - __main__ - INFO - Title: Kerbal Space Program Not A Free Game.
2022-12-30 16:44:30,028 - __main__ - INFO - Title: Dishonored - Definitive Edition Offer Start: 2022-12-29 09:30:00 PM Offer End: 2023-01-05 09:30:00 PM
2022-12-31 16:44:26,291 - __main__ - INFO - Title: Shadow Tactics - Aiko's Choice Already Sent Alert.
2022-12-31 16:44:26,291 - __main__ - INFO - Title: Eximius: Seize the Frontline Already Sent Alert.
2022-12-31 16:44:26,291 - __main__ - INFO - Title: Kerbal Space Program Not A Free Game.
2022-12-31 16:44:26,291 - __main__ - INFO - Title: Dishonored - Definitive Edition Already Sent Alert.
2023-01-01 16:44:08,035 - __main__ - INFO - Title: Shadow Tactics - Aiko's Choice Already Sent Alert.
2023-01-01 16:44:08,035 - __main__ - INFO - Title: Eximius: Seize the Frontline Already Sent Alert.
2023-01-01 16:44:08,035 - __main__ - INFO - Title: Kerbal Space Program Not A Free Game.
2023-01-01 16:44:08,035 - __main__ - INFO - Title: Dishonored - Definitive Edition Already Sent Alert.
2023-01-03 16:46:43,646 - __main__ - INFO - Title: Shadow Tactics - Aiko's Choice Already Sent Alert.
2023-01-03 16:46:43,646 - __main__ - INFO - Title: Eximius: Seize the Frontline Already Sent Alert.
2023-01-03 16:46:43,647 - __main__ - INFO - Title: Kerbal Space Program Not A Free Game.
2023-01-03 16:46:43,647 - __main__ - INFO - Title: Dishonored - Definitive Edition Already Sent Alert.
2023-01-04 16:54:40,043 - __main__ - INFO - Title: Shadow Tactics - Aiko's Choice Already Sent Alert.
2023-01-04 16:54:40,043 - __main__ - INFO - Title: Eximius: Seize the Frontline Already Sent Alert.
2023-01-04 16:54:40,044 - __main__ - INFO - Title: Kerbal Space Program Not A Free Game.
2023-01-04 16:54:40,044 - __main__ - INFO - Title: Dishonored - Definitive Edition Already Sent Alert.
2023-01-05 16:49:28,433 - __main__ - INFO - Title: Shadow Tactics - Aiko's Choice Already Sent Alert.
2023-01-05 16:49:28,434 - __main__ - INFO - Title: First Class Trouble Not A Free Game.
2023-01-05 16:49:29,157 - __main__ - INFO - Title: Kerbal Space Program Offer Start: 2023-01-05 09:30:00 PM Offer End: 2023-01-12 09:30:00 PM
2023-01-05 16:49:29,157 - __main__ - INFO - Title: Dishonored - Definitive Edition Already Sent Alert.
